<?xml version="1.0" encoding="UTF-8"?>
<testsuite xmlns:xsi="http://www.w3.org/2001/XMLSchema-instance" xsi:noNamespaceSchemaLocation="https://maven.apache.org/surefire/maven-surefire-plugin/xsd/surefire-test-report.xsd" name="com.SWEPJ.DatabaseManagerTest" time="0.032" tests="3" errors="0" skipped="3" failures="0">
  <properties>
    <property name="java.specification.version" value="17"/>
    <property name="sun.cpu.isalist" value="amd64"/>
    <property name="sun.jnu.encoding" value="Cp1252"/>
    <property name="java.class.path" value="c:\Users\jaden\OneDrive\Documents\GitHub\CS321\software_engineering_project\target\test-classes;c:\Users\jaden\OneDrive\Documents\GitHub\CS321\software_engineering_project\target\classes;C:\Users\jaden\.m2\repository\junit\junit\4.11\junit-4.11.jar;C:\Users\jaden\.m2\repository\org\hamcrest\hamcrest-core\1.3\hamcrest-core-1.3.jar;C:\Users\jaden\.m2\repository\org\openjfx\javafx-controls\11\javafx-controls-11.jar;C:\Users\jaden\.m2\repository\org\openjfx\javafx-controls\11\javafx-controls-11-win.jar;C:\Users\jaden\.m2\repository\org\openjfx\javafx-graphics\11\javafx-graphics-11.jar;C:\Users\jaden\.m2\repository\org\openjfx\javafx-graphics\11\javafx-graphics-11-win.jar;C:\Users\jaden\.m2\repository\org\openjfx\javafx-base\11\javafx-base-11.jar;C:\Users\jaden\.m2\repository\org\openjfx\javafx-base\11\javafx-base-11-win.jar;"/>
    <property name="java.vm.vendor" value="OpenLogic"/>
    <property name="sun.arch.data.model" value="64"/>
    <property name="user.variant" value=""/>
    <property name="java.vendor.url" value="https://openlogic.com/"/>
    <property name="user.timezone" value="America/New_York"/>
    <property name="os.name" value="Windows 11"/>
    <property name="java.vm.specification.version" value="17"/>
    <property name="sun.java.launcher" value="SUN_STANDARD"/>
    <property name="user.country" value="US"/>
    <property name="sun.boot.library.path" value="C:\Program Files\OpenLogic\jdk-17.0.10.7-hotspot\bin"/>
    <property name="sun.java.command" value="C:\Users\jaden\AppData\Local\Temp\surefire9053698431934814341\surefirebooter12263807272197849347.jar C:\Users\jaden\AppData\Local\Temp\surefire9053698431934814341 2024-03-28T12-44-05_040-jvmRun1 surefire8721677726505034745tmp surefire_016744408625193322444tmp"/>
    <property name="jdk.debug" value="release"/>
    <property name="surefire.test.class.path" value="c:\Users\jaden\OneDrive\Documents\GitHub\CS321\software_engineering_project\target\test-classes;c:\Users\jaden\OneDrive\Documents\GitHub\CS321\software_engineering_project\target\classes;C:\Users\jaden\.m2\repository\junit\junit\4.11\junit-4.11.jar;C:\Users\jaden\.m2\repository\org\hamcrest\hamcrest-core\1.3\hamcrest-core-1.3.jar;C:\Users\jaden\.m2\repository\org\openjfx\javafx-controls\11\javafx-controls-11.jar;C:\Users\jaden\.m2\repository\org\openjfx\javafx-controls\11\javafx-controls-11-win.jar;C:\Users\jaden\.m2\repository\org\openjfx\javafx-graphics\11\javafx-graphics-11.jar;C:\Users\jaden\.m2\repository\org\openjfx\javafx-graphics\11\javafx-graphics-11-win.jar;C:\Users\jaden\.m2\repository\org\openjfx\javafx-base\11\javafx-base-11.jar;C:\Users\jaden\.m2\repository\org\openjfx\javafx-base\11\javafx-base-11-win.jar;"/>
    <property name="sun.cpu.endian" value="little"/>
    <property name="user.home" value="C:\Users\jaden"/>
    <property name="user.language" value="en"/>
    <property name="java.specification.vendor" value="Oracle Corporation"/>
    <property name="java.version.date" value="2024-01-16"/>
    <property name="java.home" value="C:\Program Files\OpenLogic\jdk-17.0.10.7-hotspot"/>
    <property name="file.separator" value="\"/>
    <property name="basedir" value="c:\Users\jaden\OneDrive\Documents\GitHub\CS321\software_engineering_project"/>
    <property name="java.vm.compressedOopsMode" value="Zero based"/>
    <property name="line.separator" value="&#10;"/>
    <property name="java.vm.specification.vendor" value="Oracle Corporation"/>
    <property name="java.specification.name" value="Java Platform API Specification"/>
    <property name="surefire.real.class.path" value="C:\Users\jaden\AppData\Local\Temp\surefire9053698431934814341\surefirebooter12263807272197849347.jar"/>
    <property name="user.script" value=""/>
    <property name="sun.management.compiler" value="HotSpot 64-Bit Tiered Compilers"/>
    <property name="java.runtime.version" value="17.0.10+7-adhoc..jdk17u"/>
    <property name="user.name" value="jaden"/>
    <property name="path.separator" value=";"/>
    <property name="os.version" value="10.0"/>
    <property name="java.runtime.name" value="OpenJDK Runtime Environment"/>
    <property name="file.encoding" value="Cp1252"/>
    <property name="java.vm.name" value="OpenJDK 64-Bit Server VM"/>
    <property name="java.vendor.version" value="OpenLogic-OpenJDK"/>
    <property name="localRepository" value="C:\Users\jaden\.m2\repository"/>
    <property name="java.vendor.url.bug" value="https://techsupport.roguewave.com/"/>
    <property name="java.io.tmpdir" value="C:\Users\jaden\AppData\Local\Temp\"/>
    <property name="java.version" value="17.0.10"/>
    <property name="user.dir" value="c:\Users\jaden\OneDrive\Documents\GitHub\CS321\software_engineering_project"/>
    <property name="os.arch" value="amd64"/>
    <property name="java.vm.specification.name" value="Java Virtual Machine Specification"/>
    <property name="sun.os.patch.level" value=""/>
    <property name="native.encoding" value="Cp1252"/>
    <property name="java.library.path" value="C:\Program Files\OpenLogic\jdk-17.0.10.7-hotspot\bin;C:\Windows\Sun\Java\bin;C:\Windows\system32;C:\Windows;C:\Program Files\PowerShell\7;C:\Program Files\OpenLogic\jdk-17.0.10.7-hotspot\bin;C:\Program Files\OpenLogic\jdk-17.0.9.9-hotspot\bin;C:\Windows\system32;C:\Windows;C:\Windows\System32\Wbem;C:\Windows\System32\WindowsPowerShell\v1.0\;C:\Windows\System32\OpenSSH\;C:\Program Files\dotnet\;C:\Program Files\PuTTY\;C:\Program Files (x86)\Windows Kits\10\Windows Performance Toolkit\;C:\Program Files\nodejs\;C:\ProgramData\chocolatey\bin;C:\Program Files\Git\cmd;C:\Program Files\Docker\Docker\resources\bin;C:\Program Files\CMake\bin;C:\Program Files\Go\bin;C:\Program Files\OpenLogic\jdk-17.0.10.7-hotspot\\bin;C:\Program Files\apache-maven-3.9.6\bin;C:\Program Files\PowerShell\7\;C:\Program Files (x86)\Paragon Software\LinuxFS for Windows\;C:\Users\jaden\AppData\Local\Programs\Python\Python310\Scripts\;C:\Users\jaden\AppData\Local\Programs\Python\Python310\;C:\Users\jaden\AppData\Local\Programs\Python\Python312\Scripts\;C:\Users\jaden\AppData\Local\Programs\Python\Python312\;C:\Users\jaden\AppData\Local\Programs\Python\Launcher\;C:\Users\jaden\AppData\Local\Microsoft\WindowsApps;C:\Users\jaden\AppData\Local\Programs\Microsoft VS Code\bin;C:\Users\jaden\AppData\Roaming\npm;C:\Users\jaden\go\bin;C:\ProgramData\jaden\GitHubDesktop\bin;C:\Users\jaden\AppData\Local\GitHubDesktop\bin;C:\Program Files\apache-maven-3.9.6\bin;;C:\Program Files\JetBrains\GoLand 2023.3.6\bin;;."/>
    <property name="java.vm.info" value="mixed mode, sharing"/>
    <property name="java.vendor" value="OpenLogic"/>
    <property name="java.vm.version" value="17.0.10+7-adhoc..jdk17u"/>
    <property name="sun.io.unicode.encoding" value="UnicodeLittle"/>
    <property name="java.class.version" value="61.0"/>
  </properties>
  <testcase name="testSingleAccess" classname="com.SWEPJ.DatabaseManagerTest" time="0">
    <skipped/>
  </testcase>
  <testcase name="testDualAccess" classname="com.SWEPJ.DatabaseManagerTest" time="0">
    <skipped/>
  </testcase>
  <testcase name="testUpdate" classname="com.SWEPJ.DatabaseManagerTest" time="0">
    <skipped/>
  </testcase>
</testsuite>